Change Component Designator: Old Designator=C? New Designator=C18
Change Component Designator: Old Designator=C? New Designator=C19
Change Component Designator: Old Designator=C? New Designator=C20
Change Component Designator: Old Designator=J*? New Designator=J*2
Change Component Designator: Old Designator=J*? New Designator=J*3
Change Component Designator: Old Designator=R? New Designator=R8
Change Component Designator: Old Designator=R? New Designator=R9
Change Component Designator: Old Designator=R? New Designator=R10
Change Component Designator: Old Designator=R? New Designator=R11
Change Component Designator: Old Designator=R? New Designator=R12
Change Component Designator: Old Designator=R? New Designator=R13
Change Component Designator: Old Designator=R? New Designator=R14
Change Component Designator: Old Designator=R? New Designator=R15
Change Component Designator: Old Designator=R? New Designator=R16
Change Component Designator: Old Designator=R? New Designator=R17
Change Component Designator: Old Designator=R? New Designator=R18
Change Component Designator: Old Designator=R? New Designator=R19
Change Component Designator: Old Designator=TVS*? New Designator=TVS*1
Change Component Designator: Old Designator=TVS*? New Designator=TVS*2
Change Component Designator: Old Designator=TVS*? New Designator=TVS*3
Change Component Designator: Old Designator=TVS*? New Designator=TVS*4
Change Component Designator: Old Designator=TVS*? New Designator=TVS*5
Change Component Designator: Old Designator=TVS*? New Designator=TVS*6
Change Component Designator: Old Designator=TVS*? New Designator=TVS*7
Change Component Designator: Old Designator=TVS*? New Designator=TVS*8
Change Component Designator: Old Designator=TVS*? New Designator=TVS*9
Change Component Designator: Old Designator=TVS*? New Designator=TVS*10
Change Component Designator: Old Designator=U*? New Designator=U*3
Change Component Designator: Old Designator=U*? New Designator=U*4
Change Component Designator: Old Designator=U*? New Designator=U*4
