Change Component Designator: Old Designator=C18 New Designator=C?
Change Component Designator: Old Designator=C19 New Designator=C?
Change Component Designator: Old Designator=C20 New Designator=C?
Change Component Designator: Old Designator=J*1 New Designator=J*?
Change Component Designator: Old Designator=J*2 New Designator=J*?
Change Component Designator: Old Designator=R8 New Designator=R?
Change Component Designator: Old Designator=R9 New Designator=R?
Change Component Designator: Old Designator=R10 New Designator=R?
Change Component Designator: Old Designator=R11 New Designator=R?
Change Component Designator: Old Designator=R12 New Designator=R?
Change Component Designator: Old Designator=R13 New Designator=R?
Change Component Designator: Old Designator=R14 New Designator=R?
Change Component Designator: Old Designator=R15 New Designator=R?
Change Component Designator: Old Designator=R16 New Designator=R?
Change Component Designator: Old Designator=R17 New Designator=R?
Change Component Designator: Old Designator=R18 New Designator=R?
Change Component Designator: Old Designator=R19 New Designator=R?
Change Component Designator: Old Designator=TVS*1 New Designator=TVS*?
Change Component Designator: Old Designator=TVS*2 New Designator=TVS*?
Change Component Designator: Old Designator=TVS*3 New Designator=TVS*?
Change Component Designator: Old Designator=TVS*4 New Designator=TVS*?
Change Component Designator: Old Designator=TVS*5 New Designator=TVS*?
Change Component Designator: Old Designator=TVS*6 New Designator=TVS*?
Change Component Designator: Old Designator=TVS*7 New Designator=TVS*?
Change Component Designator: Old Designator=TVS*8 New Designator=TVS*?
Change Component Designator: Old Designator=TVS*9 New Designator=TVS*?
Change Component Designator: Old Designator=TVS*10 New Designator=TVS*?
Change Component Designator: Old Designator=U*1 New Designator=U*?
Change Component Designator: Old Designator=U*2 New Designator=U*?
Change Component Designator: Old Designator=U*2 New Designator=U*?
