Change Component Designator: Old Designator=C18 New Designator=C?
Change Component Designator: Old Designator=C19 New Designator=C?
Change Component Designator: Old Designator=C20 New Designator=C?
Change Component Designator: Old Designator=J3 New Designator=J?
Change Component Designator: Old Designator=J4 New Designator=J?
Change Component Designator: Old Designator=R8 New Designator=R?
Change Component Designator: Old Designator=R9 New Designator=R?
Change Component Designator: Old Designator=R10 New Designator=R?
Change Component Designator: Old Designator=R11 New Designator=R?
Change Component Designator: Old Designator=R12 New Designator=R?
Change Component Designator: Old Designator=R13 New Designator=R?
Change Component Designator: Old Designator=R14 New Designator=R?
Change Component Designator: Old Designator=R15 New Designator=R?
Change Component Designator: Old Designator=R16 New Designator=R?
Change Component Designator: Old Designator=R17 New Designator=R?
Change Component Designator: Old Designator=R18 New Designator=R?
Change Component Designator: Old Designator=R19 New Designator=R?
Change Component Designator: Old Designator=TVS2 New Designator=TVS?
Change Component Designator: Old Designator=TVS3 New Designator=TVS?
Change Component Designator: Old Designator=TVS4 New Designator=TVS?
Change Component Designator: Old Designator=TVS5 New Designator=TVS?
Change Component Designator: Old Designator=TVS6 New Designator=TVS?
Change Component Designator: Old Designator=TVS7 New Designator=TVS?
Change Component Designator: Old Designator=TVS8 New Designator=TVS?
Change Component Designator: Old Designator=TVS9 New Designator=TVS?
Change Component Designator: Old Designator=TVS10 New Designator=TVS?
Change Component Designator: Old Designator=TVS11 New Designator=TVS?
Change Component Designator: Old Designator=U4 New Designator=U?
Change Component Designator: Old Designator=U5 New Designator=U?
Change Component Designator: Old Designator=U5 New Designator=U?
